TN:
SF:script/DeployRaffle.s.sol
DA:12,7
FN:12,DeployRaffle.run
FNDA:7,DeployRaffle.run
DA:13,7
DA:14,7
DA:15,7
BRDA:15,0,0,7
DA:16,7
DA:17,7
DA:20,7
DA:21,7
DA:28,7
DA:29,7
DA:37,7
DA:38,7
DA:39,7
DA:44,7
FNF:1
FNH:1
LF:14
LH:14
BRF:1
BRH:1
end_of_record
TN:
SF:script/HelperConfig.s.sol
DA:28,7
FN:28,HelperConfig.constructor
FNDA:7,HelperConfig.constructor
DA:29,7
DA:32,14
FN:32,HelperConfig.getConfigByChainId
FNDA:14,HelperConfig.getConfigByChainId
DA:35,14
BRDA:35,0,0,-
BRDA:35,0,1,-
DA:36,0
DA:37,14
BRDA:37,1,0,14
BRDA:37,1,1,-
DA:38,14
DA:40,0
DA:44,14
FN:44,HelperConfig.getConfig
FNDA:14,HelperConfig.getConfig
DA:45,14
DA:48,7
FN:48,HelperConfig.getSepoliaConfig
FNDA:7,HelperConfig.getSepoliaConfig
DA:49,7
DA:61,0
FN:61,HelperConfig.getAnvilConfig
FNDA:0,HelperConfig.getAnvilConfig
DA:62,14
DA:63,14
DA:64,14
DA:65,14
DA:66,14
DA:71,14
DA:72,14
DA:73,14
FNF:5
FNH:4
LF:21
LH:18
BRF:4
BRH:1
end_of_record
TN:
SF:script/Interactions.s.sol
DA:12,0
FN:12,CreateSubscription.createSubscriptionUsingConfig
FNDA:0,CreateSubscription.createSubscriptionUsingConfig
DA:13,0
DA:14,0
DA:15,0
DA:18,7
FN:18,CreateSubscription.createSubscription
FNDA:7,CreateSubscription.createSubscription
DA:21,7
DA:22,7
DA:24,7
DA:25,7
DA:28,0
FN:28,CreateSubscription.run.0
FNDA:0,CreateSubscription.run.0
DA:29,0
DA:37,0
FN:37,FundSubscription.FundSubscriptionUsingConfig
FNDA:0,FundSubscription.FundSubscriptionUsingConfig
DA:38,0
DA:39,0
DA:40,0
DA:41,0
DA:42,0
DA:45,7
FN:45,FundSubscription.fundSubscription
FNDA:7,FundSubscription.fundSubscription
DA:50,7
BRDA:50,0,0,7
BRDA:50,0,1,-
DA:51,7
DA:52,7
DA:56,7
DA:58,0
DA:59,0
DA:66,0
FN:66,FundSubscription.run.1
FNDA:0,FundSubscription.run.1
DA:67,0
DA:72,0
FN:72,AddConsumer.run.2
FNDA:0,AddConsumer.run.2
DA:73,0
DA:77,0
DA:80,0
FN:80,AddConsumer.addConsumerUsignConfig
FNDA:0,AddConsumer.addConsumerUsignConfig
DA:81,0
DA:82,0
DA:83,0
DA:84,0
DA:87,7
FN:87,AddConsumer.addConsumer
FNDA:7,AddConsumer.addConsumer
DA:92,7
DA:93,7
DA:94,7
FNF:9
FNH:3
LF:38
LH:14
BRF:2
BRH:1
end_of_record
TN:
SF:src/Raffle.sol
DA:38,7
FN:38,Raffle.constructor
FNDA:7,Raffle.constructor
DA:46,7
DA:47,7
DA:48,7
DA:49,7
DA:50,7
DA:51,7
DA:54,6
FN:54,Raffle.enterRaffle
FNDA:6,Raffle.enterRaffle
DA:55,6
BRDA:55,0,0,1
DA:56,5
BRDA:56,1,0,1
DA:57,4
DA:58,4
DA:60,2
FN:60,Raffle.checkUpkeep
FNDA:2,Raffle.checkUpkeep
DA:67,3
DA:68,3
DA:69,3
DA:70,3
DA:71,3
DA:76,3
DA:79,1
FN:79,Raffle.performUpkeep
FNDA:1,Raffle.performUpkeep
DA:80,1
DA:81,1
BRDA:81,2,0,-
DA:82,1
DA:83,1
DA:95,1
DA:98,0
FN:98,Raffle.fulfillRandomWords
FNDA:0,Raffle.fulfillRandomWords
DA:102,0
DA:103,0
DA:104,0
DA:105,0
DA:106,0
DA:107,0
BRDA:107,3,0,-
FNF:5
FNH:4
LF:32
LH:25
BRF:4
BRH:2
end_of_record
TN:
SF:test/mocks/LinkToken.sol
DA:15,14
FN:15,LinkToken.constructor
FNDA:14,LinkToken.constructor
DA:16,14
DA:19,0
FN:19,LinkToken.mint
FNDA:0,LinkToken.mint
DA:20,0
DA:31,0
FN:31,LinkToken.transferAndCall
FNDA:0,LinkToken.transferAndCall
DA:32,0
DA:34,0
DA:35,0
BRDA:35,0,0,-
DA:36,0
DA:38,0
DA:43,0
FN:43,LinkToken.contractFallback
FNDA:0,LinkToken.contractFallback
DA:44,0
DA:45,0
DA:48,0
FN:48,LinkToken.isContract
FNDA:0,LinkToken.isContract
DA:49,0
DA:51,0
DA:53,0
FNF:5
FNH:1
LF:17
LH:2
BRF:1
BRH:0
end_of_record
